<?xml version="1.0" encoding="UTF-8" standalone="yes"?>
<ns2:test-suite start="1464428109906" stop="1464428110614" xmlns:ns2="urn:model.allure.qatools.yandex.ru">
    <name>com.github.makarov.OperationsTest</name>
    <test-cases>
        <test-case start="1464428110142" stop="1464428110348" status="passed">
            <name>test[0]</name>
            <steps>
                <step start="1464428110322" stop="1464428110342" status="passed">
                    <name>addTest[1, 5, 6]</name>
                </step>
            </steps>
            <attachments/>
            <labels>
                <label name="host" value="Arsenal-PC"/>
                <label name="thread" value="6916@Arsenal-PC.main(1)"/>
            </labels>
        </test-case>
        <test-case start="1464428110356" stop="1464428110360" status="passed">
            <name>test[1]</name>
            <steps>
                <step start="1464428110356" stop="1464428110358" status="passed">
                    <name>addTest[1, 9, 10]</name>
                </step>
            </steps>
            <attachments/>
            <labels>
                <label name="host" value="Arsenal-PC"/>
                <label name="thread" value="6916@Arsenal-PC.main(1)"/>
            </labels>
        </test-case>
        <test-case start="1464428110363" stop="1464428110365" status="passed">
            <name>test[2]</name>
            <steps>
                <step start="1464428110364" stop="1464428110365" status="passed">
                    <name>addTest[2, 3, 5]</name>
                </step>
            </steps>
            <attachments/>
            <labels>
                <label name="host" value="Arsenal-PC"/>
                <label name="thread" value="6916@Arsenal-PC.main(1)"/>
            </labels>
        </test-case>
        <test-case start="1464428110368" stop="1464428110374" status="passed">
            <name>test[3]</name>
            <steps>
                <step start="1464428110368" stop="1464428110374" status="passed">
                    <name>addTest[-3, 1, -2]</name>
                </step>
            </steps>
            <attachments/>
            <labels>
                <label name="host" value="Arsenal-PC"/>
                <label name="thread" value="6916@Arsenal-PC.main(1)"/>
            </labels>
        </test-case>
        <test-case start="1464428110377" stop="1464428110380" status="passed">
            <name>test[4]</name>
            <steps>
                <step start="1464428110378" stop="1464428110379" status="passed">
                    <name>addTest[-1, 5, 4]</name>
                </step>
            </steps>
            <attachments/>
            <labels>
                <label name="host" value="Arsenal-PC"/>
                <label name="thread" value="6916@Arsenal-PC.main(1)"/>
            </labels>
        </test-case>
        <test-case start="1464428110383" stop="1464428110384" status="passed">
            <name>test[5]</name>
            <steps>
                <step start="1464428110383" stop="1464428110384" status="passed">
                    <name>addTest[1, -1, 0]</name>
                </step>
            </steps>
            <attachments/>
            <labels>
                <label name="host" value="Arsenal-PC"/>
                <label name="thread" value="6916@Arsenal-PC.main(1)"/>
            </labels>
        </test-case>
        <test-case start="1464428110387" stop="1464428110391" status="passed">
            <name>test[6]</name>
            <steps>
                <step start="1464428110387" stop="1464428110388" status="passed">
                    <name>addTest[-4, -3, -7]</name>
                </step>
            </steps>
            <attachments/>
            <labels>
                <label name="host" value="Arsenal-PC"/>
                <label name="thread" value="6916@Arsenal-PC.main(1)"/>
            </labels>
        </test-case>
        <test-case start="1464428110395" stop="1464428110401" status="passed">
            <name>test[7]</name>
            <steps>
                <step start="1464428110396" stop="1464428110400" status="passed">
                    <name>subtractTest[2, 1, 1]</name>
                </step>
            </steps>
            <attachments/>
            <labels>
                <label name="host" value="Arsenal-PC"/>
                <label name="thread" value="6916@Arsenal-PC.main(1)"/>
            </labels>
        </test-case>
        <test-case start="1464428110413" stop="1464428110415" status="passed">
            <name>test[8]</name>
            <steps>
                <step start="1464428110413" stop="1464428110414" status="passed">
                    <name>subtractTest[1, 2, -1]</name>
                </step>
            </steps>
            <attachments/>
            <labels>
                <label name="host" value="Arsenal-PC"/>
                <label name="thread" value="6916@Arsenal-PC.main(1)"/>
            </labels>
        </test-case>
        <test-case start="1464428110416" stop="1464428110418" status="passed">
            <name>test[9]</name>
            <steps>
                <step start="1464428110416" stop="1464428110418" status="passed">
                    <name>subtractTest[4, 0, 4]</name>
                </step>
            </steps>
            <attachments/>
            <labels>
                <label name="host" value="Arsenal-PC"/>
                <label name="thread" value="6916@Arsenal-PC.main(1)"/>
            </labels>
        </test-case>
        <test-case start="1464428110422" stop="1464428110434" status="passed">
            <name>test[10]</name>
            <steps>
                <step start="1464428110423" stop="1464428110434" status="passed">
                    <name>multiplyingTest[5, 5, 25]</name>
                </step>
            </steps>
            <attachments/>
            <labels>
                <label name="host" value="Arsenal-PC"/>
                <label name="thread" value="6916@Arsenal-PC.main(1)"/>
            </labels>
        </test-case>
        <test-case start="1464428110437" stop="1464428110438" status="passed">
            <name>test[11]</name>
            <steps>
                <step start="1464428110437" stop="1464428110438" status="passed">
                    <name>multiplyingTest[11, 5, 55]</name>
                </step>
            </steps>
            <attachments/>
            <labels>
                <label name="host" value="Arsenal-PC"/>
                <label name="thread" value="6916@Arsenal-PC.main(1)"/>
            </labels>
        </test-case>
        <test-case start="1464428110446" stop="1464428110447" status="passed">
            <name>test[12]</name>
            <steps>
                <step start="1464428110446" stop="1464428110447" status="passed">
                    <name>multiplyingTest[0, 1, 0]</name>
                </step>
            </steps>
            <attachments/>
            <labels>
                <label name="host" value="Arsenal-PC"/>
                <label name="thread" value="6916@Arsenal-PC.main(1)"/>
            </labels>
        </test-case>
        <test-case start="1464428110450" stop="1464428110451" status="passed">
            <name>test[13]</name>
            <steps>
                <step start="1464428110450" stop="1464428110451" status="passed">
                    <name>multiplyingTest[7, 0, 0]</name>
                </step>
            </steps>
            <attachments/>
            <labels>
                <label name="host" value="Arsenal-PC"/>
                <label name="thread" value="6916@Arsenal-PC.main(1)"/>
            </labels>
        </test-case>
        <test-case start="1464428110453" stop="1464428110454" status="passed">
            <name>test[14]</name>
            <steps>
                <step start="1464428110453" stop="1464428110454" status="passed">
                    <name>multiplyingTest[-9, 2, -18]</name>
                </step>
            </steps>
            <attachments/>
            <labels>
                <label name="host" value="Arsenal-PC"/>
                <label name="thread" value="6916@Arsenal-PC.main(1)"/>
            </labels>
        </test-case>
        <test-case start="1464428110465" stop="1464428110473" status="passed">
            <name>test[15]</name>
            <steps>
                <step start="1464428110466" stop="1464428110472" status="passed">
                    <name>multiplyingTest[2, -10, -20]</name>
                </step>
            </steps>
            <attachments/>
            <labels>
                <label name="host" value="Arsenal-PC"/>
                <label name="thread" value="6916@Arsenal-PC.main(1)"/>
            </labels>
        </test-case>
        <test-case start="1464428110475" stop="1464428110477" status="passed">
            <name>test[16]</name>
            <steps>
                <step start="1464428110476" stop="1464428110477" status="passed">
                    <name>multiplyingTest[0, -10, 0]</name>
                </step>
            </steps>
            <attachments/>
            <labels>
                <label name="host" value="Arsenal-PC"/>
                <label name="thread" value="6916@Arsenal-PC.main(1)"/>
            </labels>
        </test-case>
        <test-case start="1464428110491" stop="1464428110492" status="passed">
            <name>test[17]</name>
            <steps>
                <step start="1464428110491" stop="1464428110492" status="passed">
                    <name>multiplyingTest[-6, 0, 0]</name>
                </step>
            </steps>
            <attachments/>
            <labels>
                <label name="host" value="Arsenal-PC"/>
                <label name="thread" value="6916@Arsenal-PC.main(1)"/>
            </labels>
        </test-case>
        <test-case start="1464428110496" stop="1464428110497" status="passed">
            <name>test[18]</name>
            <steps>
                <step start="1464428110496" stop="1464428110497" status="passed">
                    <name>multiplyingTest[-7, -8, 56]</name>
                </step>
            </steps>
            <attachments/>
            <labels>
                <label name="host" value="Arsenal-PC"/>
                <label name="thread" value="6916@Arsenal-PC.main(1)"/>
            </labels>
        </test-case>
        <test-case start="1464428110515" stop="1464428110516" status="passed">
            <name>test[19]</name>
            <steps>
                <step start="1464428110515" stop="1464428110516" status="passed">
                    <name>divisionTest[10, 2, 5]</name>
                </step>
            </steps>
            <attachments/>
            <labels>
                <label name="host" value="Arsenal-PC"/>
                <label name="thread" value="6916@Arsenal-PC.main(1)"/>
            </labels>
        </test-case>
        <test-case start="1464428110542" stop="1464428110576" status="failed">
            <name>test[20]</name>
            <failure>
                <message>ComparisonFailure: expected:&lt;[2]0&gt; but was:&lt;[/]0&gt;</message>
                <stack-trace>org.junit.ComparisonFailure: expected:&lt;[2]0&gt; but was:&lt;[/]0&gt;
	at org.junit.Assert.assertEquals(Assert.java:115)
	at org.junit.Assert.assertEquals(Assert.java:144)
	at com.github.makarov.steps.AllureSteps.divisionTest(AllureSteps.java:57)
	at com.github.makarov.OperationsTest.test(OperationsTest.java:55)
	at sun.reflect.GeneratedMethodAccessor6.invoke(Unknown Source)
	at sun.reflect.DelegatingMethodAccessorImpl.invoke(DelegatingMethodAccessorImpl.java:43)
	at java.lang.reflect.Method.invoke(Method.java:483)
	at org.junit.runners.model.FrameworkMethod$1.runReflectiveCall(FrameworkMethod.java:50)
	at org.junit.internal.runners.model.ReflectiveCallable.run(ReflectiveCallable.java:12)
	at org.junit.runners.model.FrameworkMethod.invokeExplosively(FrameworkMethod.java:47)
	at org.junit.internal.runners.statements.InvokeMethod.evaluate(InvokeMethod.java:17)
	at org.junit.runners.ParentRunner.runLeaf(ParentRunner.java:325)
	at org.junit.runners.BlockJUnit4ClassRunner.runChild(BlockJUnit4ClassRunner.java:78)
	at org.junit.runners.BlockJUnit4ClassRunner.runChild(BlockJUnit4ClassRunner.java:57)
	at org.junit.runners.ParentRunner$3.run(ParentRunner.java:290)
	at org.junit.runners.ParentRunner$1.schedule(ParentRunner.java:71)
	at org.junit.runners.ParentRunner.runChildren(ParentRunner.java:288)
	at org.junit.runners.ParentRunner.access$000(ParentRunner.java:58)
	at org.junit.runners.ParentRunner$2.evaluate(ParentRunner.java:268)
	at org.junit.runners.ParentRunner.run(ParentRunner.java:363)
	at org.junit.runners.Suite.runChild(Suite.java:128)
	at org.junit.runners.Suite.runChild(Suite.java:27)
	at org.junit.runners.ParentRunner$3.run(ParentRunner.java:290)
	at org.junit.runners.ParentRunner$1.schedule(ParentRunner.java:71)
	at org.junit.runners.ParentRunner.runChildren(ParentRunner.java:288)
	at org.junit.runners.ParentRunner.access$000(ParentRunner.java:58)
	at org.junit.runners.ParentRunner$2.evaluate(ParentRunner.java:268)
	at org.junit.runners.ParentRunner.run(ParentRunner.java:363)
	at org.apache.maven.surefire.junit4.JUnit4Provider.execute(JUnit4Provider.java:264)
	at org.apache.maven.surefire.junit4.JUnit4Provider.executeTestSet(JUnit4Provider.java:153)
	at org.apache.maven.surefire.junit4.JUnit4Provider.invoke(JUnit4Provider.java:124)
	at org.apache.maven.surefire.booter.ForkedBooter.invokeProviderInSameClassLoader(ForkedBooter.java:200)
	at org.apache.maven.surefire.booter.ForkedBooter.runSuitesInProcess(ForkedBooter.java:153)
	at org.apache.maven.surefire.booter.ForkedBooter.main(ForkedBooter.java:103)
</stack-trace>
            </failure>
            <steps>
                <step start="1464428110542" stop="1464428110548" status="failed">
                    <name>divisionTest[100, 0, 20]</name>
                </step>
            </steps>
            <attachments/>
            <labels>
                <label name="host" value="Arsenal-PC"/>
                <label name="thread" value="6916@Arsenal-PC.main(1)"/>
            </labels>
        </test-case>
        <test-case start="1464428110579" stop="1464428110580" status="passed">
            <name>test[21]</name>
            <steps>
                <step start="1464428110579" stop="1464428110580" status="passed">
                    <name>divisionTest[9, 3, 3]</name>
                </step>
            </steps>
            <attachments/>
            <labels>
                <label name="host" value="Arsenal-PC"/>
                <label name="thread" value="6916@Arsenal-PC.main(1)"/>
            </labels>
        </test-case>
        <test-case start="1464428110585" stop="1464428110609" status="broken">
            <name>test[22]</name>
            <failure>
                <message>NumberFormatException: For input string: "/0"</message>
                <stack-trace>java.lang.NumberFormatException: For input string: "/0"
	at java.lang.NumberFormatException.forInputString(NumberFormatException.java:65)
	at java.lang.Integer.parseInt(Integer.java:569)
	at java.lang.Integer.parseInt(Integer.java:615)
	at com.github.makarov.steps.AllureSteps.divisionTest(AllureSteps.java:49)
	at com.github.makarov.OperationsTest.test(OperationsTest.java:55)
	at sun.reflect.GeneratedMethodAccessor6.invoke(Unknown Source)
	at sun.reflect.DelegatingMethodAccessorImpl.invoke(DelegatingMethodAccessorImpl.java:43)
	at java.lang.reflect.Method.invoke(Method.java:483)
	at org.junit.runners.model.FrameworkMethod$1.runReflectiveCall(FrameworkMethod.java:50)
	at org.junit.internal.runners.model.ReflectiveCallable.run(ReflectiveCallable.java:12)
	at org.junit.runners.model.FrameworkMethod.invokeExplosively(FrameworkMethod.java:47)
	at org.junit.internal.runners.statements.InvokeMethod.evaluate(InvokeMethod.java:17)
	at org.junit.runners.ParentRunner.runLeaf(ParentRunner.java:325)
	at org.junit.runners.BlockJUnit4ClassRunner.runChild(BlockJUnit4ClassRunner.java:78)
	at org.junit.runners.BlockJUnit4ClassRunner.runChild(BlockJUnit4ClassRunner.java:57)
	at org.junit.runners.ParentRunner$3.run(ParentRunner.java:290)
	at org.junit.runners.ParentRunner$1.schedule(ParentRunner.java:71)
	at org.junit.runners.ParentRunner.runChildren(ParentRunner.java:288)
	at org.junit.runners.ParentRunner.access$000(ParentRunner.java:58)
	at org.junit.runners.ParentRunner$2.evaluate(ParentRunner.java:268)
	at org.junit.runners.ParentRunner.run(ParentRunner.java:363)
	at org.junit.runners.Suite.runChild(Suite.java:128)
	at org.junit.runners.Suite.runChild(Suite.java:27)
	at org.junit.runners.ParentRunner$3.run(ParentRunner.java:290)
	at org.junit.runners.ParentRunner$1.schedule(ParentRunner.java:71)
	at org.junit.runners.ParentRunner.runChildren(ParentRunner.java:288)
	at org.junit.runners.ParentRunner.access$000(ParentRunner.java:58)
	at org.junit.runners.ParentRunner$2.evaluate(ParentRunner.java:268)
	at org.junit.runners.ParentRunner.run(ParentRunner.java:363)
	at org.apache.maven.surefire.junit4.JUnit4Provider.execute(JUnit4Provider.java:264)
	at org.apache.maven.surefire.junit4.JUnit4Provider.executeTestSet(JUnit4Provider.java:153)
	at org.apache.maven.surefire.junit4.JUnit4Provider.invoke(JUnit4Provider.java:124)
	at org.apache.maven.surefire.booter.ForkedBooter.invokeProviderInSameClassLoader(ForkedBooter.java:200)
	at org.apache.maven.surefire.booter.ForkedBooter.runSuitesInProcess(ForkedBooter.java:153)
	at org.apache.maven.surefire.booter.ForkedBooter.main(ForkedBooter.java:103)
</stack-trace>
            </failure>
            <steps>
                <step start="1464428110586" stop="1464428110586" status="broken">
                    <name>divisionTest[555, 0, /0]</name>
                </step>
            </steps>
            <attachments/>
            <labels>
                <label name="host" value="Arsenal-PC"/>
                <label name="thread" value="6916@Arsenal-PC.main(1)"/>
            </labels>
        </test-case>
    </test-cases>
    <labels>
        <label name="framework" value="JUnit"/>
        <label name="language" value="JAVA"/>
    </labels>
</ns2:test-suite>
