<?xml version="1.0" encoding="UTF-8"?>
<testsuite name="com.github.makarov.OperationsTest" time="1.597" tests="23" errors="1" skipped="0" failures="1">
  <properties>
[...]
</properties>
  <testcase name="test[0]" classname="com.github.makarov.OperationsTest" time="1.352"/>
  <testcase name="test[1]" classname="com.github.makarov.OperationsTest" time="0.033"/>
  <testcase name="test[2]" classname="com.github.makarov.OperationsTest" time="0"/>
  <testcase name="test[3]" classname="com.github.makarov.OperationsTest" time="0.001"/>
  <testcase name="test[4]" classname="com.github.makarov.OperationsTest" time="0"/>
  <testcase name="test[5]" classname="com.github.makarov.OperationsTest" time="0"/>
  <testcase name="test[6]" classname="com.github.makarov.OperationsTest" time="0"/>
  <testcase name="test[7]" classname="com.github.makarov.OperationsTest" time="0.005"/>
  <testcase name="test[8]" classname="com.github.makarov.OperationsTest" time="0.049"/>
  <testcase name="test[9]" classname="com.github.makarov.OperationsTest" time="0"/>
  <testcase name="test[10]" classname="com.github.makarov.OperationsTest" time="0"/>
  <testcase name="test[11]" classname="com.github.makarov.OperationsTest" time="0.001"/>
  <testcase name="test[12]" classname="com.github.makarov.OperationsTest" time="0"/>
  <testcase name="test[13]" classname="com.github.makarov.OperationsTest" time="0"/>
  <testcase name="test[14]" classname="com.github.makarov.OperationsTest" time="0"/>
  <testcase name="test[15]" classname="com.github.makarov.OperationsTest" time="0.013"/>
  <testcase name="test[16]" classname="com.github.makarov.OperationsTest" time="0.013"/>
  <testcase name="test[17]" classname="com.github.makarov.OperationsTest" time="0.02"/>
  <testcase name="test[18]" classname="com.github.makarov.OperationsTest" time="0.005"/>
  <testcase name="test[19]" classname="com.github.makarov.OperationsTest" time="0.012"/>
  <testcase name="test[20]" classname="com.github.makarov.OperationsTest" time="0.076">
    <failure message="expected:&lt;[2]0&gt; but was:&lt;[/]0&gt;" type="org.junit.ComparisonFailure"><![CDATA[org.junit.ComparisonFailure: expected:<[2]0> but was:<[/]0>
	at org.junit.Assert.assertEquals(Assert.java:115)
	at org.junit.Assert.assertEquals(Assert.java:144)
	at com.github.makarov.steps.AllureSteps.divisionTest(AllureSteps.java:57)
	at com.github.makarov.OperationsTest.test(OperationsTest.java:55)
]]></failure>
  </testcase>
  <testcase name="test[21]" classname="com.github.makarov.OperationsTest" time="0.001"/>
  <testcase name="test[22]" classname="com.github.makarov.OperationsTest" time="0.016">
    <error message="For input string: &quot;/0&quot;" type="java.lang.NumberFormatException">java.lang.NumberFormatException: For input string: "/0"
	at java.lang.NumberFormatException.forInputString(NumberFormatException.java:65)
	at java.lang.Integer.parseInt(Integer.java:569)
	at java.lang.Integer.parseInt(Integer.java:615)
	at com.github.makarov.steps.AllureSteps.divisionTest(AllureSteps.java:49)
	at com.github.makarov.OperationsTest.test(OperationsTest.java:55)
</error>
  </testcase>
</testsuite>