<?xml version="1.0" encoding="UTF-8"?>
<testsuite name="com.github.makarov.OperationsTest" time="1.597" tests="23" errors="1" skipped="0" failures="1">
  <properties>
    <property name="java.runtime.name" value="Java(TM) SE Runtime Environment"/>
    <property name="sun.boot.library.path" value="C:\Program Files\Java\jdk1.8.0_31\jre\bin"/>
    <property name="java.vm.version" value="25.31-b07"/>
    <property name="java.vm.vendor" value="Oracle Corporation"/>
    <property name="maven.multiModuleProjectDirectory" value="C:\Users\Andrey\Desktop\test-sbt-dev"/>
    <property name="java.vendor.url" value="http://java.oracle.com/"/>
    <property name="path.separator" value=";"/>
    <property name="guice.disable.misplaced.annotation.check" value="true"/>
    <property name="java.vm.name" value="Java HotSpot(TM) 64-Bit Server VM"/>
    <property name="file.encoding.pkg" value="sun.io"/>
    <property name="user.script" value=""/>
    <property name="user.country" value="RU"/>
    <property name="sun.java.launcher" value="SUN_STANDARD"/>
    <property name="sun.os.patch.level" value="Service Pack 1"/>
    <property name="java.vm.specification.name" value="Java Virtual Machine Specification"/>
    <property name="user.dir" value="C:\Users\Andrey\Desktop\test-sbt-dev"/>
    <property name="java.runtime.version" value="1.8.0_31-b13"/>
    <property name="java.awt.graphicsenv" value="sun.awt.Win32GraphicsEnvironment"/>
    <property name="java.endorsed.dirs" value="C:\Program Files\Java\jdk1.8.0_31\jre\lib\endorsed"/>
    <property name="os.arch" value="amd64"/>
    <property name="java.io.tmpdir" value="C:\Users\Andrey\AppData\Local\Temp\"/>
    <property name="line.separator" value="&#10;"/>
    <property name="java.vm.specification.vendor" value="Oracle Corporation"/>
    <property name="user.variant" value=""/>
    <property name="os.name" value="Windows 7"/>
    <property name="classworlds.conf" value="C:\Program Files\maven\bin\m2.conf"/>
    <property name="sun.jnu.encoding" value="Cp1251"/>
    <property name="java.library.path" value="C:\Program Files\Java\jdk1.8.0_31\bin;C:\Windows\Sun\Java\bin;C:\Windows\system32;C:\Windows;D:\app\Andrey\product\11.2.0\client_1\bin;C:\ProgramData\Oracle\Java\javapath;C:\Windows\system32;C:\Windows;C:\Windows\System32\Wbem;C:\Windows\System32\WindowsPowerShell\v1.0\;C:\Program Files (x86)\Total Network Inventory 2\Nmap;C:\Program Files (x86)\QuickTime\QTSystem;C:\Program Files\maven\bin;C:\Program Files\Java\jdk1.8.0_31;."/>
    <property name="java.specification.name" value="Java Platform API Specification"/>
    <property name="java.class.version" value="52.0"/>
    <property name="sun.management.compiler" value="HotSpot 64-Bit Tiered Compilers"/>
    <property name="os.version" value="6.1"/>
    <property name="user.home" value="C:\Users\Andrey"/>
    <property name="user.timezone" value="Asia/Yerevan"/>
    <property name="java.awt.printerjob" value="sun.awt.windows.WPrinterJob"/>
    <property name="java.specification.version" value="1.8"/>
    <property name="file.encoding" value="Cp1251"/>
    <property name="user.name" value="Andrey"/>
    <property name="java.class.path" value="C:\Program Files\maven\boot\plexus-classworlds-2.5.2.jar"/>
    <property name="java.vm.specification.version" value="1.8"/>
    <property name="sun.arch.data.model" value="64"/>
    <property name="java.home" value="C:\Program Files\Java\jdk1.8.0_31\jre"/>
    <property name="sun.java.command" value="org.codehaus.plexus.classworlds.launcher.Launcher clean test site"/>
    <property name="java.specification.vendor" value="Oracle Corporation"/>
    <property name="user.language" value="ru"/>
    <property name="awt.toolkit" value="sun.awt.windows.WToolkit"/>
    <property name="java.vm.info" value="mixed mode"/>
    <property name="java.version" value="1.8.0_31"/>
    <property name="java.ext.dirs" value="C:\Program Files\Java\jdk1.8.0_31\jre\lib\ext;C:\Windows\Sun\Java\lib\ext"/>
    <property name="sun.boot.class.path" value="C:\Program Files\Java\jdk1.8.0_31\jre\lib\resources.jar;C:\Program Files\Java\jdk1.8.0_31\jre\lib\rt.jar;C:\Program Files\Java\jdk1.8.0_31\jre\lib\sunrsasign.jar;C:\Program Files\Java\jdk1.8.0_31\jre\lib\jsse.jar;C:\Program Files\Java\jdk1.8.0_31\jre\lib\jce.jar;C:\Program Files\Java\jdk1.8.0_31\jre\lib\charsets.jar;C:\Program Files\Java\jdk1.8.0_31\jre\lib\jfr.jar;C:\Program Files\Java\jdk1.8.0_31\jre\classes"/>
    <property name="sun.stderr.encoding" value="cp866"/>
    <property name="java.vendor" value="Oracle Corporation"/>
    <property name="maven.home" value="C:\Program Files\maven"/>
    <property name="file.separator" value="\"/>
    <property name="java.vendor.url.bug" value="http://bugreport.sun.com/bugreport/"/>
    <property name="sun.cpu.endian" value="little"/>
    <property name="sun.io.unicode.encoding" value="UnicodeLittle"/>
    <property name="sun.stdout.encoding" value="cp866"/>
    <property name="sun.desktop" value="windows"/>
    <property name="sun.cpu.isalist" value="amd64"/>
  </properties>
  <testcase name="test[0]" classname="com.github.makarov.OperationsTest" time="1.352"/>
  <testcase name="test[1]" classname="com.github.makarov.OperationsTest" time="0.033"/>
  <testcase name="test[2]" classname="com.github.makarov.OperationsTest" time="0"/>
  <testcase name="test[3]" classname="com.github.makarov.OperationsTest" time="0.001"/>
  <testcase name="test[4]" classname="com.github.makarov.OperationsTest" time="0"/>
  <testcase name="test[5]" classname="com.github.makarov.OperationsTest" time="0"/>
  <testcase name="test[6]" classname="com.github.makarov.OperationsTest" time="0"/>
  <testcase name="test[7]" classname="com.github.makarov.OperationsTest" time="0.005"/>
  <testcase name="test[8]" classname="com.github.makarov.OperationsTest" time="0.049"/>
  <testcase name="test[9]" classname="com.github.makarov.OperationsTest" time="0"/>
  <testcase name="test[10]" classname="com.github.makarov.OperationsTest" time="0"/>
  <testcase name="test[11]" classname="com.github.makarov.OperationsTest" time="0.001"/>
  <testcase name="test[12]" classname="com.github.makarov.OperationsTest" time="0"/>
  <testcase name="test[13]" classname="com.github.makarov.OperationsTest" time="0"/>
  <testcase name="test[14]" classname="com.github.makarov.OperationsTest" time="0"/>
  <testcase name="test[15]" classname="com.github.makarov.OperationsTest" time="0.013"/>
  <testcase name="test[16]" classname="com.github.makarov.OperationsTest" time="0.013"/>
  <testcase name="test[17]" classname="com.github.makarov.OperationsTest" time="0.02"/>
  <testcase name="test[18]" classname="com.github.makarov.OperationsTest" time="0.005"/>
  <testcase name="test[19]" classname="com.github.makarov.OperationsTest" time="0.012"/>
  <testcase name="test[20]" classname="com.github.makarov.OperationsTest" time="0.076">
    <failure message="expected:&lt;[2]0&gt; but was:&lt;[/]0&gt;" type="org.junit.ComparisonFailure"><![CDATA[org.junit.ComparisonFailure: expected:<[2]0> but was:<[/]0>
	at org.junit.Assert.assertEquals(Assert.java:115)
	at org.junit.Assert.assertEquals(Assert.java:144)
	at com.github.makarov.steps.AllureSteps.divisionTest(AllureSteps.java:57)
	at com.github.makarov.OperationsTest.test(OperationsTest.java:55)
]]></failure>
  </testcase>
  <testcase name="test[21]" classname="com.github.makarov.OperationsTest" time="0.001"/>
  <testcase name="test[22]" classname="com.github.makarov.OperationsTest" time="0.016">
    <error message="For input string: &quot;/0&quot;" type="java.lang.NumberFormatException">java.lang.NumberFormatException: For input string: "/0"
	at java.lang.NumberFormatException.forInputString(NumberFormatException.java:65)
	at java.lang.Integer.parseInt(Integer.java:569)
	at java.lang.Integer.parseInt(Integer.java:615)
	at com.github.makarov.steps.AllureSteps.divisionTest(AllureSteps.java:49)
	at com.github.makarov.OperationsTest.test(OperationsTest.java:55)
</error>
  </testcase>
</testsuite>